app/build/intermediates/manifest_merge_blame_file/debug/manifest-merger-blame-debug-report.txt
1<?xml version="1.0" encoding="utf-8"?>
2<manifest xmlns:android="http://schemas.android.com/apk/res/android"
3    package="com.example.testapp"
4    android:versionCode="1"
5    android:versionName="1.0" >
6
7    <uses-sdk
8        android:minSdkVersion="26"
8-->src\main\AndroidManifest.xml
9        android:targetSdkVersion="33" />
9-->src\main\AndroidManifest.xml
10
11    <uses-permission android:name="android.permission.INTERNET" />
11-->src\main\AndroidManifest.xml:5:5-67
11-->src\main\AndroidManifest.xml:5:22-64
12
13    <uses-feature
13-->src\main\AndroidManifest.xml:7:5-9:36
14        android:name="android.hardware.camera"
14-->src\main\AndroidManifest.xml:8:9-47
15        android:required="false" />
15-->src\main\AndroidManifest.xml:9:9-33
16    <uses-feature
16-->src\main\AndroidManifest.xml:10:5-12:36
17        android:name="android.hardware.camera.autofocus"
17-->src\main\AndroidManifest.xml:11:9-57
18        android:required="false" />
18-->src\main\AndroidManifest.xml:12:9-33
19    <uses-feature
19-->src\main\AndroidManifest.xml:13:5-15:36
20        android:name="android.hardware.camera.flash"
20-->src\main\AndroidManifest.xml:14:9-53
21        android:required="false" />
21-->src\main\AndroidManifest.xml:15:9-33
22
23    <uses-permission android:name="android.permission.CAMERA" />
23-->src\main\AndroidManifest.xml:17:5-65
23-->src\main\AndroidManifest.xml:17:22-62
24    <uses-permission android:name="android.permission.READ_EXTERNAL_STORAGE" />
24-->src\main\AndroidManifest.xml:18:5-80
24-->src\main\AndroidManifest.xml:18:22-77
25    <uses-permission
25-->[com.github.Drjacky:ImagePicker:2.3.22] AndroidManifest.xml:10:5-12:38
26        android:name="android.permission.WRITE_EXTERNAL_STORAGE"
26-->[com.github.Drjacky:ImagePicker:2.3.22] AndroidManifest.xml:11:9-65
27        android:maxSdkVersion="28" />
27-->[com.github.Drjacky:ImagePicker:2.3.22] AndroidManifest.xml:12:9-35
28
29    <queries>
29-->[com.github.Drjacky:ImagePicker:2.3.22] AndroidManifest.xml:14:5-36:15
30
31        <!-- Gallery -->
32        <intent>
32-->[com.github.Drjacky:ImagePicker:2.3.22] AndroidManifest.xml:17:9-23:18
33            <action android:name="android.intent.action.GET_CONTENT" />
33-->[com.github.Drjacky:ImagePicker:2.3.22] AndroidManifest.xml:18:13-72
33-->[com.github.Drjacky:ImagePicker:2.3.22] AndroidManifest.xml:18:21-69
34
35            <category android:name="android.intent.category.OPENABLE" />
35-->[com.github.Drjacky:ImagePicker:2.3.22] AndroidManifest.xml:20:13-73
35-->[com.github.Drjacky:ImagePicker:2.3.22] AndroidManifest.xml:20:23-70
36
37            <data android:mimeType="image/*" />
37-->[com.github.Drjacky:ImagePicker:2.3.22] AndroidManifest.xml:22:13-48
37-->[com.github.Drjacky:ImagePicker:2.3.22] AndroidManifest.xml:22:19-45
38        </intent>
39        <intent>
39-->[com.github.Drjacky:ImagePicker:2.3.22] AndroidManifest.xml:24:9-28:18
40            <action android:name="android.intent.action.PICK" />
40-->[com.github.Drjacky:ImagePicker:2.3.22] AndroidManifest.xml:25:13-65
40-->[com.github.Drjacky:ImagePicker:2.3.22] AndroidManifest.xml:25:21-62
41
42            <data android:mimeType="image/*" />
42-->[com.github.Drjacky:ImagePicker:2.3.22] AndroidManifest.xml:22:13-48
42-->[com.github.Drjacky:ImagePicker:2.3.22] AndroidManifest.xml:22:19-45
43        </intent>
44        <intent>
44-->[com.github.Drjacky:ImagePicker:2.3.22] AndroidManifest.xml:29:9-31:18
45            <action android:name="android.intent.action.CHOOSER" />
45-->[com.github.Drjacky:ImagePicker:2.3.22] AndroidManifest.xml:30:13-68
45-->[com.github.Drjacky:ImagePicker:2.3.22] AndroidManifest.xml:30:21-65
46        </intent>
47        <!-- Camera -->
48        <intent>
48-->[com.github.Drjacky:ImagePicker:2.3.22] AndroidManifest.xml:33:9-35:18
49            <action android:name="android.media.action.IMAGE_CAPTURE" />
49-->[com.github.Drjacky:ImagePicker:2.3.22] AndroidManifest.xml:34:13-73
49-->[com.github.Drjacky:ImagePicker:2.3.22] AndroidManifest.xml:34:21-70
50        </intent>
51    </queries> <!-- Although the *SdkVersion is captured in gradle build files, this is required for non gradle builds -->
52    <!-- <uses-sdk android:minSdkVersion="14" /> -->
53    <uses-permission android:name="android.permission.ACCESS_NETWORK_STATE" />
53-->[com.google.firebase:firebase-firestore:24.1.0] AndroidManifest.xml:13:5-79
53-->[com.google.firebase:firebase-firestore:24.1.0] AndroidManifest.xml:13:22-76
54
55    <permission
55-->[androidx.core:core:1.9.0] AndroidManifest.xml:22:5-24:47
56        android:name="com.example.testapp.DYNAMIC_RECEIVER_NOT_EXPORTED_PERMISSION"
56-->[androidx.core:core:1.9.0] AndroidManifest.xml:23:9-81
57        android:protectionLevel="signature" />
57-->[androidx.core:core:1.9.0] AndroidManifest.xml:24:9-44
58
59    <uses-permission android:name="com.example.testapp.DYNAMIC_RECEIVER_NOT_EXPORTED_PERMISSION" />
59-->[androidx.core:core:1.9.0] AndroidManifest.xml:26:5-97
59-->[androidx.core:core:1.9.0] AndroidManifest.xml:26:22-94
60
61    <application
61-->src\main\AndroidManifest.xml:20:5-70:19
62        android:allowBackup="true"
62-->src\main\AndroidManifest.xml:21:9-35
63        android:appComponentFactory="androidx.core.app.CoreComponentFactory"
63-->[androidx.core:core:1.9.0] AndroidManifest.xml:28:18-86
64        android:dataExtractionRules="@xml/data_extraction_rules"
64-->src\main\AndroidManifest.xml:22:9-65
65        android:debuggable="true"
66        android:extractNativeLibs="false"
67        android:fullBackupContent="@xml/backup_rules"
67-->src\main\AndroidManifest.xml:23:9-54
68        android:icon="@mipmap/logo_foreground"
68-->src\main\AndroidManifest.xml:24:9-47
69        android:label="@string/app_name"
69-->src\main\AndroidManifest.xml:25:9-41
70        android:supportsRtl="true"
70-->src\main\AndroidManifest.xml:26:9-35
71        android:testOnly="true"
72        android:theme="@style/Theme.TestApp" >
72-->src\main\AndroidManifest.xml:27:9-45
73        <activity
73-->src\main\AndroidManifest.xml:29:9-33:64
74            android:name="com.example.testapp.OdabraniPesticidActivity"
74-->src\main\AndroidManifest.xml:30:13-53
75            android:exported="false"
75-->src\main\AndroidManifest.xml:31:13-37
76            android:label="@string/title_activity_odabrani_pesticid"
76-->src\main\AndroidManifest.xml:32:13-69
77            android:theme="@style/Theme.TestApp.NoActionBar" />
77-->src\main\AndroidManifest.xml:33:13-61
78        <activity
78-->src\main\AndroidManifest.xml:34:9-36:40
79            android:name="com.example.testapp.NovPesticidActivity"
79-->src\main\AndroidManifest.xml:35:13-48
80            android:exported="false" />
80-->src\main\AndroidManifest.xml:36:13-37
81        <activity
81-->src\main\AndroidManifest.xml:37:9-39:40
82            android:name="com.example.testapp.search.SearchActivty"
82-->src\main\AndroidManifest.xml:38:13-49
83            android:exported="false" />
83-->src\main\AndroidManifest.xml:39:13-37
84        <activity
84-->src\main\AndroidManifest.xml:40:9-42:40
85            android:name="com.example.testapp.NovoPoljeActivity"
85-->src\main\AndroidManifest.xml:41:13-46
86            android:exported="false" />
86-->src\main\AndroidManifest.xml:42:13-37
87        <activity
87-->src\main\AndroidManifest.xml:43:9-45:40
88            android:name="com.example.testapp.OdabranaEvidencijaActivity"
88-->src\main\AndroidManifest.xml:44:13-55
89            android:exported="false" />
89-->src\main\AndroidManifest.xml:45:13-37
90        <activity
90-->src\main\AndroidManifest.xml:46:9-48:40
91            android:name="com.example.testapp.LoginActivity"
91-->src\main\AndroidManifest.xml:47:13-42
92            android:exported="false" />
92-->src\main\AndroidManifest.xml:48:13-37
93        <activity
93-->src\main\AndroidManifest.xml:49:9-51:40
94            android:name="com.example.testapp.RegisterActivity"
94-->src\main\AndroidManifest.xml:50:13-45
95            android:exported="false" />
95-->src\main\AndroidManifest.xml:51:13-37
96        <activity
96-->src\main\AndroidManifest.xml:52:9-54:40
97            android:name="com.example.testapp.NovaEvidencijaActivity"
97-->src\main\AndroidManifest.xml:53:13-51
98            android:exported="false" />
98-->src\main\AndroidManifest.xml:54:13-37
99        <activity
99-->src\main\AndroidManifest.xml:55:9-57:40
100            android:name="com.example.testapp.MainActivity2"
100-->src\main\AndroidManifest.xml:56:13-42
101            android:exported="false" />
101-->src\main\AndroidManifest.xml:57:13-37
102        <activity
102-->src\main\AndroidManifest.xml:58:9-60:40
103            android:name="com.example.testapp.MainActivity"
103-->src\main\AndroidManifest.xml:59:13-41
104            android:exported="false" />
104-->src\main\AndroidManifest.xml:60:13-37
105        <activity
105-->src\main\AndroidManifest.xml:61:9-69:20
106            android:name="com.example.testapp.LoadingActivity"
106-->src\main\AndroidManifest.xml:62:13-44
107            android:exported="true" >
107-->src\main\AndroidManifest.xml:63:13-36
108            <intent-filter>
108-->src\main\AndroidManifest.xml:64:13-68:29
109                <action android:name="android.intent.action.MAIN" />
109-->src\main\AndroidManifest.xml:65:17-69
109-->src\main\AndroidManifest.xml:65:25-66
110
111                <category android:name="android.intent.category.LAUNCHER" />
111-->src\main\AndroidManifest.xml:67:17-77
111-->src\main\AndroidManifest.xml:67:27-74
112            </intent-filter>
113        </activity>
114        <activity
114-->[com.github.Drjacky:ImagePicker:2.3.22] AndroidManifest.xml:39:9-42:68
115            android:name="com.github.drjacky.imagepicker.ImagePickerActivity"
115-->[com.github.Drjacky:ImagePicker:2.3.22] AndroidManifest.xml:40:13-78
116            android:screenOrientation="unspecified"
116-->[com.github.Drjacky:ImagePicker:2.3.22] AndroidManifest.xml:41:13-52
117            android:theme="@style/Theme.Transparent.ImagePicker" />
117-->[com.github.Drjacky:ImagePicker:2.3.22] AndroidManifest.xml:42:13-65
118        <activity
118-->[com.github.Drjacky:ImagePicker:2.3.22] AndroidManifest.xml:43:9-46:72
119            android:name="com.yalantis.ucrop.UCropActivity"
119-->[com.github.Drjacky:ImagePicker:2.3.22] AndroidManifest.xml:44:13-60
120            android:screenOrientation="portrait"
120-->[com.github.Drjacky:ImagePicker:2.3.22] AndroidManifest.xml:45:13-49
121            android:theme="@style/Theme.AppCompat.Light.NoActionBar" />
121-->[com.github.Drjacky:ImagePicker:2.3.22] AndroidManifest.xml:46:13-69
122
123        <provider
123-->[com.github.Drjacky:ImagePicker:2.3.22] AndroidManifest.xml:48:9-56:20
124            android:name="com.github.drjacky.imagepicker.ImagePickerFileProvider"
124-->[com.github.Drjacky:ImagePicker:2.3.22] AndroidManifest.xml:49:13-82
125            android:authorities="com.example.testapp.imagepicker.provider"
125-->[com.github.Drjacky:ImagePicker:2.3.22] AndroidManifest.xml:50:13-72
126            android:exported="false"
126-->[com.github.Drjacky:ImagePicker:2.3.22] AndroidManifest.xml:51:13-37
127            android:grantUriPermissions="true" >
127-->[com.github.Drjacky:ImagePicker:2.3.22] AndroidManifest.xml:52:13-47
128            <meta-data
128-->[com.github.Drjacky:ImagePicker:2.3.22] AndroidManifest.xml:53:13-55:71
129                android:name="android.support.FILE_PROVIDER_PATHS"
129-->[com.github.Drjacky:ImagePicker:2.3.22] AndroidManifest.xml:54:17-67
130                android:resource="@xml/image_picker_provider_paths" />
130-->[com.github.Drjacky:ImagePicker:2.3.22] AndroidManifest.xml:55:17-68
131        </provider>
132
133        <service
133-->[com.google.firebase:firebase-firestore:24.1.0] AndroidManifest.xml:17:9-23:19
134            android:name="com.google.firebase.components.ComponentDiscoveryService"
134-->[com.google.firebase:firebase-firestore:24.1.0] AndroidManifest.xml:18:13-84
135            android:directBootAware="true"
135-->[com.google.firebase:firebase-common:20.2.0] AndroidManifest.xml:34:13-43
136            android:exported="false" >
136-->[com.google.firebase:firebase-firestore:24.1.0] AndroidManifest.xml:19:13-37
137            <meta-data
137-->[com.google.firebase:firebase-firestore:24.1.0] AndroidManifest.xml:20:13-22:85
138                android:name="com.google.firebase.components:com.google.firebase.firestore.FirestoreRegistrar"
138-->[com.google.firebase:firebase-firestore:24.1.0] AndroidManifest.xml:21:17-111
139                android:value="com.google.firebase.components.ComponentRegistrar" />
139-->[com.google.firebase:firebase-firestore:24.1.0] AndroidManifest.xml:22:17-82
140            <meta-data
140-->[com.google.firebase:firebase-auth:21.0.3] AndroidManifest.xml:67:13-69:85
141                android:name="com.google.firebase.components:com.google.firebase.auth.FirebaseAuthRegistrar"
141-->[com.google.firebase:firebase-auth:21.0.3] AndroidManifest.xml:68:17-109
142                android:value="com.google.firebase.components.ComponentRegistrar" />
142-->[com.google.firebase:firebase-auth:21.0.3] AndroidManifest.xml:69:17-82
143            <meta-data
143-->[com.google.firebase:firebase-database:20.1.0] AndroidManifest.xml:31:13-33:85
144                android:name="com.google.firebase.components:com.google.firebase.database.DatabaseRegistrar"
144-->[com.google.firebase:firebase-database:20.1.0] AndroidManifest.xml:32:17-109
145                android:value="com.google.firebase.components.ComponentRegistrar" />
145-->[com.google.firebase:firebase-database:20.1.0] AndroidManifest.xml:33:17-82
146            <meta-data
146-->[com.google.firebase:firebase-storage:19.2.2] AndroidManifest.xml:33:13-35:85
147                android:name="com.google.firebase.components:com.google.firebase.storage.StorageRegistrar"
147-->[com.google.firebase:firebase-storage:19.2.2] AndroidManifest.xml:34:17-107
148                android:value="com.google.firebase.components.ComponentRegistrar" />
148-->[com.google.firebase:firebase-storage:19.2.2] AndroidManifest.xml:35:17-82
149        </service>
150
151        <activity
151-->[com.google.firebase:firebase-auth:21.0.3] AndroidManifest.xml:27:9-44:20
152            android:name="com.google.firebase.auth.internal.GenericIdpActivity"
152-->[com.google.firebase:firebase-auth:21.0.3] AndroidManifest.xml:28:13-80
153            android:excludeFromRecents="true"
153-->[com.google.firebase:firebase-auth:21.0.3] AndroidManifest.xml:29:13-46
154            android:exported="true"
154-->[com.google.firebase:firebase-auth:21.0.3] AndroidManifest.xml:30:13-36
155            android:launchMode="singleTask"
155-->[com.google.firebase:firebase-auth:21.0.3] AndroidManifest.xml:31:13-44
156            android:theme="@android:style/Theme.Translucent.NoTitleBar" >
156-->[com.google.firebase:firebase-auth:21.0.3] AndroidManifest.xml:32:13-72
157            <intent-filter>
157-->[com.google.firebase:firebase-auth:21.0.3] AndroidManifest.xml:33:13-43:29
158                <action android:name="android.intent.action.VIEW" />
158-->[com.google.firebase:firebase-auth:21.0.3] AndroidManifest.xml:34:17-69
158-->[com.google.firebase:firebase-auth:21.0.3] AndroidManifest.xml:34:25-66
159
160                <category android:name="android.intent.category.DEFAULT" />
160-->[com.google.firebase:firebase-auth:21.0.3] AndroidManifest.xml:36:17-76
160-->[com.google.firebase:firebase-auth:21.0.3] AndroidManifest.xml:36:27-73
161                <category android:name="android.intent.category.BROWSABLE" />
161-->[com.google.firebase:firebase-auth:21.0.3] AndroidManifest.xml:37:17-78
161-->[com.google.firebase:firebase-auth:21.0.3] AndroidManifest.xml:37:27-75
162
163                <data
163-->[com.github.Drjacky:ImagePicker:2.3.22] AndroidManifest.xml:22:13-48
164                    android:host="firebase.auth"
165                    android:path="/"
166                    android:scheme="genericidp" />
167            </intent-filter>
168        </activity>
169        <activity
169-->[com.google.firebase:firebase-auth:21.0.3] AndroidManifest.xml:45:9-62:20
170            android:name="com.google.firebase.auth.internal.RecaptchaActivity"
170-->[com.google.firebase:firebase-auth:21.0.3] AndroidManifest.xml:46:13-79
171            android:excludeFromRecents="true"
171-->[com.google.firebase:firebase-auth:21.0.3] AndroidManifest.xml:47:13-46
172            android:exported="true"
172-->[com.google.firebase:firebase-auth:21.0.3] AndroidManifest.xml:48:13-36
173            android:launchMode="singleTask"
173-->[com.google.firebase:firebase-auth:21.0.3] AndroidManifest.xml:49:13-44
174            android:theme="@android:style/Theme.Translucent.NoTitleBar" >
174-->[com.google.firebase:firebase-auth:21.0.3] AndroidManifest.xml:50:13-72
175            <intent-filter>
175-->[com.google.firebase:firebase-auth:21.0.3] AndroidManifest.xml:51:13-61:29
176                <action android:name="android.intent.action.VIEW" />
176-->[com.google.firebase:firebase-auth:21.0.3] AndroidManifest.xml:34:17-69
176-->[com.google.firebase:firebase-auth:21.0.3] AndroidManifest.xml:34:25-66
177
178                <category android:name="android.intent.category.DEFAULT" />
178-->[com.google.firebase:firebase-auth:21.0.3] AndroidManifest.xml:36:17-76
178-->[com.google.firebase:firebase-auth:21.0.3] AndroidManifest.xml:36:27-73
179                <category android:name="android.intent.category.BROWSABLE" />
179-->[com.google.firebase:firebase-auth:21.0.3] AndroidManifest.xml:37:17-78
179-->[com.google.firebase:firebase-auth:21.0.3] AndroidManifest.xml:37:27-75
180
181                <data
181-->[com.github.Drjacky:ImagePicker:2.3.22] AndroidManifest.xml:22:13-48
182                    android:host="firebase.auth"
183                    android:path="/"
184                    android:scheme="recaptcha" />
185            </intent-filter>
186        </activity>
187        <activity
187-->[com.google.android.gms:play-services-auth:20.5.0] AndroidManifest.xml:23:9-27:75
188            android:name="com.google.android.gms.auth.api.signin.internal.SignInHubActivity"
188-->[com.google.android.gms:play-services-auth:20.5.0] AndroidManifest.xml:24:13-93
189            android:excludeFromRecents="true"
189-->[com.google.android.gms:play-services-auth:20.5.0] AndroidManifest.xml:25:13-46
190            android:exported="false"
190-->[com.google.android.gms:play-services-auth:20.5.0] AndroidManifest.xml:26:13-37
191            android:theme="@android:style/Theme.Translucent.NoTitleBar" />
191-->[com.google.android.gms:play-services-auth:20.5.0] AndroidManifest.xml:27:13-72
192        <!--
193            Service handling Google Sign-In user revocation. For apps that do not integrate with
194            Google Sign-In, this service will never be started.
195        -->
196        <service
196-->[com.google.android.gms:play-services-auth:20.5.0] AndroidManifest.xml:33:9-37:51
197            android:name="com.google.android.gms.auth.api.signin.RevocationBoundService"
197-->[com.google.android.gms:play-services-auth:20.5.0] AndroidManifest.xml:34:13-89
198            android:exported="true"
198-->[com.google.android.gms:play-services-auth:20.5.0] AndroidManifest.xml:35:13-36
199            android:permission="com.google.android.gms.auth.api.signin.permission.REVOCATION_NOTIFICATION"
199-->[com.google.android.gms:play-services-auth:20.5.0] AndroidManifest.xml:36:13-107
200            android:visibleToInstantApps="true" />
200-->[com.google.android.gms:play-services-auth:20.5.0] AndroidManifest.xml:37:13-48
201
202        <activity
202-->[com.google.android.gms:play-services-base:18.0.1] AndroidManifest.xml:20:9-22:45
203            android:name="com.google.android.gms.common.api.GoogleApiActivity"
203-->[com.google.android.gms:play-services-base:18.0.1] AndroidManifest.xml:20:19-85
204            android:exported="false"
204-->[com.google.android.gms:play-services-base:18.0.1] AndroidManifest.xml:22:19-43
205            android:theme="@android:style/Theme.Translucent.NoTitleBar" />
205-->[com.google.android.gms:play-services-base:18.0.1] AndroidManifest.xml:21:19-78
206
207        <provider
207-->[com.google.firebase:firebase-common:20.2.0] AndroidManifest.xml:25:9-30:39
208            android:name="com.google.firebase.provider.FirebaseInitProvider"
208-->[com.google.firebase:firebase-common:20.2.0] AndroidManifest.xml:26:13-77
209            android:authorities="com.example.testapp.firebaseinitprovider"
209-->[com.google.firebase:firebase-common:20.2.0] AndroidManifest.xml:27:13-72
210            android:directBootAware="true"
210-->[com.google.firebase:firebase-common:20.2.0] AndroidManifest.xml:28:13-43
211            android:exported="false"
211-->[com.google.firebase:firebase-common:20.2.0] AndroidManifest.xml:29:13-37
212            android:initOrder="100" />
212-->[com.google.firebase:firebase-common:20.2.0] AndroidManifest.xml:30:13-36
213
214        <meta-data
214-->[com.google.android.gms:play-services-basement:18.2.0] AndroidManifest.xml:21:9-23:69
215            android:name="com.google.android.gms.version"
215-->[com.google.android.gms:play-services-basement:18.2.0] AndroidManifest.xml:22:13-58
216            android:value="@integer/google_play_services_version" />
216-->[com.google.android.gms:play-services-basement:18.2.0] AndroidManifest.xml:23:13-66
217
218        <provider
218-->[androidx.emoji2:emoji2:1.2.0] AndroidManifest.xml:24:9-32:20
219            android:name="androidx.startup.InitializationProvider"
219-->[androidx.emoji2:emoji2:1.2.0] AndroidManifest.xml:25:13-67
220            android:authorities="com.example.testapp.androidx-startup"
220-->[androidx.emoji2:emoji2:1.2.0] AndroidManifest.xml:26:13-68
221            android:exported="false" >
221-->[androidx.emoji2:emoji2:1.2.0] AndroidManifest.xml:27:13-37
222            <meta-data
222-->[androidx.emoji2:emoji2:1.2.0] AndroidManifest.xml:29:13-31:52
223                android:name="androidx.emoji2.text.EmojiCompatInitializer"
223-->[androidx.emoji2:emoji2:1.2.0] AndroidManifest.xml:30:17-75
224                android:value="androidx.startup" />
224-->[androidx.emoji2:emoji2:1.2.0] AndroidManifest.xml:31:17-49
225            <meta-data
225-->[androidx.lifecycle:lifecycle-process:2.4.1] AndroidManifest.xml:31:13-33:52
226                android:name="androidx.lifecycle.ProcessLifecycleInitializer"
226-->[androidx.lifecycle:lifecycle-process:2.4.1] AndroidManifest.xml:32:17-78
227                android:value="androidx.startup" />
227-->[androidx.lifecycle:lifecycle-process:2.4.1] AndroidManifest.xml:33:17-49
228        </provider>
229
230        <uses-library
230-->[androidx.window:window:1.0.0] AndroidManifest.xml:25:9-27:40
231            android:name="androidx.window.extensions"
231-->[androidx.window:window:1.0.0] AndroidManifest.xml:26:13-54
232            android:required="false" />
232-->[androidx.window:window:1.0.0] AndroidManifest.xml:27:13-37
233        <uses-library
233-->[androidx.window:window:1.0.0] AndroidManifest.xml:28:9-30:40
234            android:name="androidx.window.sidecar"
234-->[androidx.window:window:1.0.0] AndroidManifest.xml:29:13-51
235            android:required="false" />
235-->[androidx.window:window:1.0.0] AndroidManifest.xml:30:13-37
236    </application>
237
238</manifest>